<?xml version="1.0" encoding="UTF-8"?>
<!-- Generated by org.testng.reporters.JUnitReportReporter -->
<testsuite hostname="LAPTOP-QNJARF5H" failures="0" tests="1" name="com.selenium.AppTest" time="0.011" errors="0" timestamp="2025-04-17T01:23:11 IST" skipped="0">
  <testcase classname="com.selenium.AppTest" name="testExample" time="0.011"/>
  <system-out/>
</testsuite> <!-- com.selenium.AppTest -->
